<?xml version="1.0" encoding="UTF-8"?>
<testng-results ignored="0" total="2" passed="2" failed="0" skipped="0">
  <reporter-output>
  </reporter-output>
  <suite started-at="2022-06-06T08:20:27 IST" name="Default suite" finished-at="2022-06-06T08:20:48 IST" duration-ms="21030">
    <groups>
    </groups>
    <test started-at="2022-06-06T08:20:27 IST" name="Default test" finished-at="2022-06-06T08:20:48 IST" duration-ms="21030">
      <class name="testcases.loginTestCase">
        <test-method is-config="true" signature="launchChromeBrowser()[pri:0, instance:testcases.loginTestCase@1d9b7cce]" started-at="2022-06-06T08:20:27 IST" name="launchChromeBrowser" finished-at="2022-06-06T08:20:39 IST" duration-ms="12289" status="PASS">
          <reporter-output>
          </reporter-output>
        </test-method> <!-- launchChromeBrowser -->
        <test-method signature="launchBrowser(java.lang.String,java.lang.String)[pri:0, instance:testcases.loginTestCase@1d9b7cce]" started-at="2022-06-06T08:20:39 IST" name="launchBrowser" data-provider="testData" finished-at="2022-06-06T08:20:41 IST" duration-ms="1199" status="PASS">
          <params>
            <param index="0">
              <value>
                <![CDATA[test1]]>
              </value>
            </param>
            <param index="1">
              <value>
                <![CDATA[secure123]]>
              </value>
            </param>
          </params>
          <reporter-output>
          </reporter-output>
        </test-method> <!-- launchBrowser -->
        <test-method is-config="true" signature="closeBrowser()[pri:0, instance:testcases.loginTestCase@1d9b7cce]" started-at="2022-06-06T08:20:41 IST" name="closeBrowser" finished-at="2022-06-06T08:20:41 IST" duration-ms="589" status="PASS">
          <reporter-output>
          </reporter-output>
        </test-method> <!-- closeBrowser -->
        <test-method is-config="true" signature="launchChromeBrowser()[pri:0, instance:testcases.loginTestCase@1d9b7cce]" started-at="2022-06-06T08:20:41 IST" name="launchChromeBrowser" finished-at="2022-06-06T08:20:46 IST" duration-ms="4807" status="PASS">
          <reporter-output>
          </reporter-output>
        </test-method> <!-- launchChromeBrowser -->
        <test-method signature="launchBrowser(java.lang.String,java.lang.String)[pri:0, instance:testcases.loginTestCase@1d9b7cce]" started-at="2022-06-06T08:20:46 IST" name="launchBrowser" data-provider="testData" finished-at="2022-06-06T08:20:48 IST" duration-ms="1823" status="PASS">
          <params>
            <param index="0">
              <value>
                <![CDATA[test2]]>
              </value>
            </param>
            <param index="1">
              <value>
                <![CDATA[test345]]>
              </value>
            </param>
          </params>
          <reporter-output>
          </reporter-output>
        </test-method> <!-- launchBrowser -->
        <test-method is-config="true" signature="closeBrowser()[pri:0, instance:testcases.loginTestCase@1d9b7cce]" started-at="2022-06-06T08:20:48 IST" name="closeBrowser" finished-at="2022-06-06T08:20:48 IST" duration-ms="248" status="PASS">
          <reporter-output>
          </reporter-output>
        </test-method> <!-- closeBrowser -->
      </class> <!-- testcases.loginTestCase -->
    </test> <!-- Default test -->
  </suite> <!-- Default suite -->
</testng-results>
